<?xml version="1.0" encoding="UTF-8"?>
<coverage generated="1575305792697" clover="3.2.0">
  <project timestamp="1575305792698" name="All files">
    <metrics statements="13" coveredstatements="13" conditionals="2" coveredconditionals="2" methods="3" coveredmethods="3" elements="18" coveredelements="18" complexity="0" loc="13" ncloc="13" packages="1" files="1" classes="1"/>
    <file name="index.js" path="C:\Users\Bruna\OneDrive\Laboratoria\codigos\SAP003-md-links\lib\index.js">
      <metrics statements="13" coveredstatements="13" conditionals="2" coveredconditionals="2" methods="3" coveredmethods="3"/>
      <line num="1" count="1" type="stmt"/>
      <line num="3" count="1" type="stmt"/>
      <line num="4" count="4" type="stmt"/>
      <line num="5" count="4" type="stmt"/>
      <line num="6" count="4" type="cond" truecount="2" falsecount="0"/>
      <line num="7" count="2" type="stmt"/>
      <line num="9" count="2" type="stmt"/>
      <line num="10" count="2" type="stmt"/>
      <line num="13" count="2" type="stmt"/>
      <line num="15" count="2" type="stmt"/>
      <line num="19" count="2" type="stmt"/>
      <line num="21" count="2" type="stmt"/>
      <line num="27" count="1" type="stmt"/>
    </file>
  </project>
</coverage>
