{"C:\\Users\\Bruna\\OneDrive\\Laboratoria\\codigos\\SAP003-md-links\\lib\\index.js": {"path":"C:\\Users\\Bruna\\OneDrive\\Laboratoria\\codigos\\SAP003-md-links\\lib\\index.js","statementMap":{"0":{"start":{"line":1,"column":11},"end":{"line":1,"column":24}},"1":{"start":{"line":3,"column":16},"end":{"line":21,"column":1}},"2":{"start":{"line":4,"column":2},"end":{"line":20,"column":5}},"3":{"start":{"line":5,"column":4},"end":{"line":19,"column":7}},"4":{"start":{"line":6,"column":6},"end":{"line":18,"column":7}},"5":{"start":{"line":7,"column":8},"end":{"line":7,"column":25}},"6":{"start":{"line":9,"column":21},"end":{"line":9,"column":36}},"7":{"start":{"line":10,"column":22},"end":{"line":10,"column":63}},"8":{"start":{"line":12,"column":17},"end":{"line":12,"column":19}},"9":{"start":{"line":14,"column":8},"end":{"line":16,"column":9}},"10":{"start":{"line":15,"column":10},"end":{"line":15,"column":67}},"11":{"start":{"line":17,"column":8},"end":{"line":17,"column":21}},"12":{"start":{"line":23,"column":0},"end":{"line":23,"column":25}}},"fnMap":{"0":{"name":"(anonymous_0)","decl":{"start":{"line":3,"column":16},"end":{"line":3,"column":17}},"loc":{"start":{"line":3,"column":26},"end":{"line":21,"column":1}},"line":3},"1":{"name":"(anonymous_1)","decl":{"start":{"line":4,"column":21},"end":{"line":4,"column":22}},"loc":{"start":{"line":4,"column":42},"end":{"line":20,"column":3}},"line":4},"2":{"name":"(anonymous_2)","decl":{"start":{"line":5,"column":22},"end":{"line":5,"column":23}},"loc":{"start":{"line":5,"column":37},"end":{"line":19,"column":5}},"line":5}},"branchMap":{"0":{"loc":{"start":{"line":6,"column":6},"end":{"line":18,"column":7}},"type":"if","locations":[{"start":{"line":6,"column":6},"end":{"line":18,"column":7}},{"start":{"line":6,"column":6},"end":{"line":18,"column":7}}],"line":6}},"s":{"0":1,"1":1,"2":4,"3":4,"4":4,"5":2,"6":2,"7":2,"8":2,"9":2,"10":5,"11":2,"12":1},"f":{"0":4,"1":4,"2":4},"b":{"0":[2,2]},"_coverageSchema":"43e27e138ebf9cfc5966b082cf9a028302ed4184","hash":"f54dbdcda514f50cc3aebec0e8d18efcd1f5e576"}
}
